2026-05-08T10:24:45.898+07:00  INFO 5972 --- [learningvn] [restartedMain] c.e.learningvn.LearningvnApplication     : Starting LearningvnApplication using Java 25.0.1 with PID 5972 (D:\NhanNKL_Studies\TiTV - Backend Programming with Spring\learningvn\target\classes started by nhann in D:\NhanNKL_Studies\TiTV - Backend Programming with Spring\learningvn)
2026-05-08T10:24:45.910+07:00  INFO 5972 --- [learningvn] [restartedMain] c.e.learningvn.LearningvnApplication     : No active profile set, falling back to 1 default profile: "default"
2026-05-08T10:24:45.996+07:00  INFO 5972 --- [learningvn] [restartedMain] .e.DevToolsPropertyDefaultsPostProcessor : Devtools property defaults active! Set 'spring.devtools.add-properties' to 'false' to disable
2026-05-08T10:24:45.997+07:00  INFO 5972 --- [learningvn] [restartedMain] .e.DevToolsPropertyDefaultsPostProcessor : For additional web related logging consider setting the 'logging.level.web' property to 'DEBUG'
2026-05-08T10:24:47.477+07:00  INFO 5972 --- [learningvn] [restartedMain] .s.d.r.c.RepositoryConfigurationDelegate : Bootstrapping Spring Data JPA repositories in DEFAULT mode.
2026-05-08T10:24:47.594+07:00  INFO 5972 --- [learningvn] [restartedMain] .s.d.r.c.RepositoryConfigurationDelegate : Finished Spring Data repository scanning in 95 ms. Found 2 JPA repository interfaces.
2026-05-08T10:24:48.781+07:00  INFO 5972 --- [learningvn] [restartedMain] o.s.boot.tomcat.TomcatWebServer          : Tomcat initialized with port 8080 (http)
2026-05-08T10:24:48.809+07:00  INFO 5972 --- [learningvn] [restartedMain] o.apache.catalina.core.StandardService   : Starting service [Tomcat]
2026-05-08T10:24:48.810+07:00  INFO 5972 --- [learningvn] [restartedMain] o.apache.catalina.core.StandardEngine    : Starting Servlet engine: [Apache Tomcat/11.0.21]
2026-05-08T10:24:48.895+07:00  INFO 5972 --- [learningvn] [restartedMain] b.w.c.s.WebApplicationContextInitializer : Root WebApplicationContext: initialization completed in 2897 ms
2026-05-08T10:24:49.203+07:00  INFO 5972 --- [learningvn] [restartedMain] org.hibernate.orm.jpa                    : HHH008540: Processing PersistenceUnitInfo [name: default]
2026-05-08T10:24:49.327+07:00  INFO 5972 --- [learningvn] [restartedMain] org.hibernate.orm.core                   : HHH000001: Hibernate ORM core version 7.2.12.Final
2026-05-08T10:24:50.132+07:00  INFO 5972 --- [learningvn] [restartedMain] o.s.o.j.p.SpringPersistenceUnitInfo      : No LoadTimeWeaver setup: ignoring JPA class transformer
2026-05-08T10:24:50.196+07:00  INFO 5972 --- [learningvn] [restartedMain] com.zaxxer.hikari.HikariDataSource       : HikariPool-1 - Starting...
2026-05-08T10:24:50.495+07:00  INFO 5972 --- [learningvn] [restartedMain] com.zaxxer.hikari.pool.HikariPool        : HikariPool-1 - Added connection conn0: url=jdbc:h2:mem:productdb user=SA
2026-05-08T10:24:50.497+07:00  INFO 5972 --- [learningvn] [restartedMain] com.zaxxer.hikari.HikariDataSource       : HikariPool-1 - Start completed.
2026-05-08T10:24:50.540+07:00  WARN 5972 --- [learningvn] [restartedMain] org.hibernate.orm.deprecation            : HHH90000025: H2Dialect does not need to be specified explicitly using 'hibernate.dialect' (remove the property setting and it will be selected by default)
2026-05-08T10:24:50.583+07:00  INFO 5972 --- [learningvn] [restartedMain] org.hibernate.orm.connections.pooling    : HHH10001005: Database info:
	Database JDBC URL [jdbc:h2:mem:productdb]
	Database driver: H2 JDBC Driver
	Database dialect: H2Dialect
	Database version: 2.4.240
	Default catalog/schema: PRODUCTDB/PUBLIC
	Autocommit mode: undefined/unknown
	Isolation level: READ_COMMITTED [default READ_COMMITTED]
	JDBC fetch size: 100
	Pool: DataSourceConnectionProvider
	Minimum pool size: undefined/unknown
	Maximum pool size: undefined/unknown
2026-05-08T10:24:52.027+07:00  INFO 5972 --- [learningvn] [restartedMain] org.hibernate.orm.core                   : HHH000489: No JTA platform available (set 'hibernate.transaction.jta.platform' to enable JTA platform integration)
2026-05-08T10:24:52.103+07:00  INFO 5972 --- [learningvn] [restartedMain] j.LocalContainerEntityManagerFactoryBean : Initialized JPA EntityManagerFactory for persistence unit 'default'
2026-05-08T10:24:52.223+07:00  INFO 5972 --- [learningvn] [restartedMain] o.s.d.j.r.query.QueryEnhancerFactories   : Hibernate is in classpath; If applicable, HQL parser will be used.
2026-05-08T10:24:52.784+07:00  WARN 5972 --- [learningvn] [restartedMain] JpaBaseConfiguration$JpaWebConfiguration : spring.jpa.open-in-view is enabled by default. Therefore, database queries may be performed during view rendering. Explicitly configure spring.jpa.open-in-view to disable this warning
2026-05-08T10:24:52.982+07:00  INFO 5972 --- [learningvn] [restartedMain] r$InitializeUserDetailsManagerConfigurer : Global AuthenticationManager configured with UserDetailsService bean with name inMemoryUserDetailsManager
2026-05-08T10:24:53.588+07:00  WARN 5972 --- [learningvn] [restartedMain] ion$DefaultTemplateResolverConfiguration : Cannot find template location: classpath:/templates/ (please add some templates, check your Thymeleaf configuration, or set spring.thymeleaf.check-template-location=false)
2026-05-08T10:24:54.052+07:00  INFO 5972 --- [learningvn] [restartedMain] o.s.boot.tomcat.TomcatWebServer          : Tomcat started on port 8080 (http) with context path '/'
2026-05-08T10:24:54.068+07:00  INFO 5972 --- [learningvn] [restartedMain] c.e.learningvn.LearningvnApplication     : Started LearningvnApplication in 8.899 seconds (process running for 9.968)
2026-05-08T10:24:54.268+07:00  WARN 5972 --- [learningvn] [restartedMain] o.s.core.events.SpringDocAppInitializer  : SpringDoc /v3/api-docs endpoint is enabled by default. To disable it in production, set the property 'springdoc.api-docs.enabled=false'
2026-05-08T10:24:54.268+07:00  WARN 5972 --- [learningvn] [restartedMain] o.s.core.events.SpringDocAppInitializer  : SpringDoc /swagger-ui.html endpoint is enabled by default. To disable it in production, set the property 'springdoc.swagger-ui.enabled=false'
2026-05-08T10:26:06.896+07:00  INFO 5972 --- [learningvn] [http-nio-8080-exec-1] o.a.c.c.C.[Tomcat].[localhost].[/]       : Initializing Spring DispatcherServlet 'dispatcherServlet'
2026-05-08T10:26:06.897+07:00  INFO 5972 --- [learningvn] [http-nio-8080-exec-1] o.s.web.servlet.DispatcherServlet        : Initializing Servlet 'dispatcherServlet'
2026-05-08T10:26:06.901+07:00  INFO 5972 --- [learningvn] [http-nio-8080-exec-1] o.s.web.servlet.DispatcherServlet        : Completed initialization in 3 ms
2026-05-08T10:26:07.298+07:00 DEBUG 5972 --- [learningvn] [http-nio-8080-exec-1] c.e.l.controller.ProductController       : Fetching all products...
2026-05-08T10:26:07.875+07:00  INFO 5972 --- [learningvn] [http-nio-8080-exec-1] c.e.l.controller.ProductController       : Successfully fetched 2 products
2026-05-08T10:26:13.883+07:00 DEBUG 5972 --- [learningvn] [http-nio-8080-exec-3] c.e.l.controller.ProductController       : Fetching a product...
2026-05-08T10:26:13.899+07:00  INFO 5972 --- [learningvn] [http-nio-8080-exec-3] c.e.l.controller.ProductController       : Successfully fetched a product called: iPhone 15
2026-05-08T10:26:16.218+07:00 DEBUG 5972 --- [learningvn] [http-nio-8080-exec-4] c.e.l.controller.ProductController       : Fetching a product...
2026-05-08T10:26:16.222+07:00  INFO 5972 --- [learningvn] [http-nio-8080-exec-4] c.e.l.controller.ProductController       : Successfully fetched a product called: MacBook Air M2
2026-05-08T10:26:35.063+07:00 DEBUG 5972 --- [learningvn] [http-nio-8080-exec-5] c.e.l.controller.ProductController       : Creating a new product...
2026-05-08T10:26:35.072+07:00  INFO 5972 --- [learningvn] [http-nio-8080-exec-5] c.e.l.controller.ProductController       : Successfully created a new product called: iPhone 15 Pro
2026-05-08T10:28:33.288+07:00 DEBUG 5972 --- [learningvn] [http-nio-8080-exec-8] c.e.l.controller.ProductController       : Deleting a product...
2026-05-08T10:28:33.310+07:00  INFO 5972 --- [learningvn] [http-nio-8080-exec-8] c.e.l.controller.ProductController       : Successfully deleted a product with id: 3
2026-05-08T10:28:46.652+07:00 DEBUG 5972 --- [learningvn] [http-nio-8080-exec-9] c.e.l.controller.ProductController       : Fetching a product...
2026-05-08T10:28:46.664+07:00  WARN 5972 --- [learningvn] [http-nio-8080-exec-9] .m.m.a.ExceptionHandlerExceptionResolver : Resolved [com.example.learningvn.exception.ProductNotFoundException: Product not found with id: 3]
2026-05-08T10:28:53.850+07:00  INFO 5972 --- [learningvn] [SpringApplicationShutdownHook] o.s.boot.tomcat.GracefulShutdown         : Commencing graceful shutdown. Waiting for active requests to complete
2026-05-08T10:28:53.895+07:00  INFO 5972 --- [learningvn] [tomcat-shutdown] o.s.boot.tomcat.GracefulShutdown         : Graceful shutdown complete
2026-05-08T10:28:53.901+07:00  INFO 5972 --- [learningvn] [SpringApplicationShutdownHook] j.LocalContainerEntityManagerFactoryBean : Closing JPA EntityManagerFactory for persistence unit 'default'
2026-05-08T10:28:53.916+07:00  WARN 5972 --- [learningvn] [SpringApplicationShutdownHook] o.s.b.f.support.DisposableBeanAdapter    : Invocation of destroy method failed on bean with name 'inMemoryDatabaseShutdownExecutor': org.h2.jdbc.JdbcSQLNonTransientConnectionException: Database is already closed (to disable automatic closing at VM shutdown, add ";DB_CLOSE_ON_EXIT=FALSE" to the db URL) [90121-240]
2026-05-08T10:28:53.917+07:00  INFO 5972 --- [learningvn] [SpringApplicationShutdownHook] com.zaxxer.hikari.HikariDataSource       : HikariPool-1 - Shutdown initiated...
2026-05-08T10:28:53.920+07:00  INFO 5972 --- [learningvn] [SpringApplicationShutdownHook] com.zaxxer.hikari.HikariDataSource       : HikariPool-1 - Shutdown completed.
2026-05-08T21:16:41.707+07:00  INFO 15964 --- [learningvn] [restartedMain] c.e.learningvn.LearningvnApplication     : Starting LearningvnApplication using Java 25.0.1 with PID 15964 (D:\NhanNKL_Studies\TiTV - Backend Programming with Spring\learningvn\target\classes started by nhann in D:\NhanNKL_Studies\TiTV - Backend Programming with Spring\learningvn)
2026-05-08T21:16:41.720+07:00  INFO 15964 --- [learningvn] [restartedMain] c.e.learningvn.LearningvnApplication     : No active profile set, falling back to 1 default profile: "default"
2026-05-08T21:16:41.857+07:00  INFO 15964 --- [learningvn] [restartedMain] .e.DevToolsPropertyDefaultsPostProcessor : Devtools property defaults active! Set 'spring.devtools.add-properties' to 'false' to disable
2026-05-08T21:16:41.858+07:00  INFO 15964 --- [learningvn] [restartedMain] .e.DevToolsPropertyDefaultsPostProcessor : For additional web related logging consider setting the 'logging.level.web' property to 'DEBUG'
2026-05-08T21:16:44.115+07:00  INFO 15964 --- [learningvn] [restartedMain] .s.d.r.c.RepositoryConfigurationDelegate : Bootstrapping Spring Data JPA repositories in DEFAULT mode.
2026-05-08T21:16:44.299+07:00  INFO 15964 --- [learningvn] [restartedMain] .s.d.r.c.RepositoryConfigurationDelegate : Finished Spring Data repository scanning in 131 ms. Found 2 JPA repository interfaces.
2026-05-08T21:16:45.404+07:00  INFO 15964 --- [learningvn] [restartedMain] o.s.boot.tomcat.TomcatWebServer          : Tomcat initialized with port 8080 (http)
2026-05-08T21:16:45.433+07:00  INFO 15964 --- [learningvn] [restartedMain] o.apache.catalina.core.StandardService   : Starting service [Tomcat]
2026-05-08T21:16:45.434+07:00  INFO 15964 --- [learningvn] [restartedMain] o.apache.catalina.core.StandardEngine    : Starting Servlet engine: [Apache Tomcat/11.0.21]
2026-05-08T21:16:45.532+07:00  INFO 15964 --- [learningvn] [restartedMain] b.w.c.s.WebApplicationContextInitializer : Root WebApplicationContext: initialization completed in 3671 ms
2026-05-08T21:16:45.885+07:00  INFO 15964 --- [learningvn] [restartedMain] org.hibernate.orm.jpa                    : HHH008540: Processing PersistenceUnitInfo [name: default]
2026-05-08T21:16:46.012+07:00  INFO 15964 --- [learningvn] [restartedMain] org.hibernate.orm.core                   : HHH000001: Hibernate ORM core version 7.2.12.Final
2026-05-08T21:16:46.942+07:00  INFO 15964 --- [learningvn] [restartedMain] o.s.o.j.p.SpringPersistenceUnitInfo      : No LoadTimeWeaver setup: ignoring JPA class transformer
2026-05-08T21:16:47.009+07:00  INFO 15964 --- [learningvn] [restartedMain] com.zaxxer.hikari.HikariDataSource       : HikariPool-1 - Starting...
2026-05-08T21:16:47.397+07:00  INFO 15964 --- [learningvn] [restartedMain] com.zaxxer.hikari.pool.HikariPool        : HikariPool-1 - Added connection conn0: url=jdbc:h2:mem:productdb user=SA
2026-05-08T21:16:47.399+07:00  INFO 15964 --- [learningvn] [restartedMain] com.zaxxer.hikari.HikariDataSource       : HikariPool-1 - Start completed.
2026-05-08T21:16:47.446+07:00  WARN 15964 --- [learningvn] [restartedMain] org.hibernate.orm.deprecation            : HHH90000025: H2Dialect does not need to be specified explicitly using 'hibernate.dialect' (remove the property setting and it will be selected by default)
2026-05-08T21:16:47.492+07:00  INFO 15964 --- [learningvn] [restartedMain] org.hibernate.orm.connections.pooling    : HHH10001005: Database info:
	Database JDBC URL [jdbc:h2:mem:productdb]
	Database driver: H2 JDBC Driver
	Database dialect: H2Dialect
	Database version: 2.4.240
	Default catalog/schema: PRODUCTDB/PUBLIC
	Autocommit mode: undefined/unknown
	Isolation level: READ_COMMITTED [default READ_COMMITTED]
	JDBC fetch size: 100
	Pool: DataSourceConnectionProvider
	Minimum pool size: undefined/unknown
	Maximum pool size: undefined/unknown
2026-05-08T21:16:49.668+07:00  INFO 15964 --- [learningvn] [restartedMain] org.hibernate.orm.core                   : HHH000489: No JTA platform available (set 'hibernate.transaction.jta.platform' to enable JTA platform integration)
2026-05-08T21:16:49.805+07:00  INFO 15964 --- [learningvn] [restartedMain] j.LocalContainerEntityManagerFactoryBean : Initialized JPA EntityManagerFactory for persistence unit 'default'
2026-05-08T21:16:50.037+07:00  INFO 15964 --- [learningvn] [restartedMain] o.s.d.j.r.query.QueryEnhancerFactories   : Hibernate is in classpath; If applicable, HQL parser will be used.
2026-05-08T21:16:51.422+07:00  WARN 15964 --- [learningvn] [restartedMain] JpaBaseConfiguration$JpaWebConfiguration : spring.jpa.open-in-view is enabled by default. Therefore, database queries may be performed during view rendering. Explicitly configure spring.jpa.open-in-view to disable this warning
2026-05-08T21:16:51.691+07:00  INFO 15964 --- [learningvn] [restartedMain] r$InitializeUserDetailsManagerConfigurer : Global AuthenticationManager configured with UserDetailsService bean with name inMemoryUserDetailsManager
2026-05-08T21:16:53.059+07:00  WARN 15964 --- [learningvn] [restartedMain] ion$DefaultTemplateResolverConfiguration : Cannot find template location: classpath:/templates/ (please add some templates, check your Thymeleaf configuration, or set spring.thymeleaf.check-template-location=false)
2026-05-08T21:16:54.307+07:00  INFO 15964 --- [learningvn] [restartedMain] o.s.boot.tomcat.TomcatWebServer          : Tomcat started on port 8080 (http) with context path '/'
2026-05-08T21:16:54.340+07:00  INFO 15964 --- [learningvn] [restartedMain] c.e.learningvn.LearningvnApplication     : Started LearningvnApplication in 13.624 seconds (process running for 15.608)
2026-05-08T21:16:54.679+07:00  WARN 15964 --- [learningvn] [restartedMain] o.s.core.events.SpringDocAppInitializer  : SpringDoc /v3/api-docs endpoint is enabled by default. To disable it in production, set the property 'springdoc.api-docs.enabled=false'
2026-05-08T21:16:54.681+07:00  WARN 15964 --- [learningvn] [restartedMain] o.s.core.events.SpringDocAppInitializer  : SpringDoc /swagger-ui.html endpoint is enabled by default. To disable it in production, set the property 'springdoc.swagger-ui.enabled=false'
2026-05-08T21:17:52.857+07:00  INFO 15964 --- [learningvn] [File Watcher] rtingClassPathChangeChangedEventListener : Restarting due to 1 class path change (0 additions, 0 deletions, 1 modification)
2026-05-08T21:17:52.863+07:00  INFO 15964 --- [learningvn] [Thread-1] o.s.boot.tomcat.GracefulShutdown         : Commencing graceful shutdown. Waiting for active requests to complete
2026-05-08T21:17:52.889+07:00  INFO 15964 --- [learningvn] [tomcat-shutdown] o.s.boot.tomcat.GracefulShutdown         : Graceful shutdown complete
2026-05-08T21:17:52.895+07:00  INFO 15964 --- [learningvn] [Thread-1] j.LocalContainerEntityManagerFactoryBean : Closing JPA EntityManagerFactory for persistence unit 'default'
2026-05-08T21:17:52.902+07:00  WARN 15964 --- [learningvn] [Thread-1] o.s.b.f.support.DisposableBeanAdapter    : Invocation of destroy method failed on bean with name 'inMemoryDatabaseShutdownExecutor': org.h2.jdbc.JdbcSQLNonTransientConnectionException: Database is already closed (to disable automatic closing at VM shutdown, add ";DB_CLOSE_ON_EXIT=FALSE" to the db URL) [90121-240]
2026-05-08T21:17:52.905+07:00  INFO 15964 --- [learningvn] [Thread-1] com.zaxxer.hikari.HikariDataSource       : HikariPool-1 - Shutdown initiated...
2026-05-08T21:17:52.907+07:00  INFO 15964 --- [learningvn] [Thread-1] com.zaxxer.hikari.HikariDataSource       : HikariPool-1 - Shutdown completed.
2026-05-08T21:17:53.032+07:00  INFO 15964 --- [learningvn] [restartedMain] c.e.learningvn.LearningvnApplication     : Starting LearningvnApplication using Java 25.0.1 with PID 15964 (D:\NhanNKL_Studies\TiTV - Backend Programming with Spring\learningvn\target\classes started by nhann in D:\NhanNKL_Studies\TiTV - Backend Programming with Spring\learningvn)
2026-05-08T21:17:53.033+07:00  INFO 15964 --- [learningvn] [restartedMain] c.e.learningvn.LearningvnApplication     : No active profile set, falling back to 1 default profile: "default"
2026-05-08T21:17:53.645+07:00  INFO 15964 --- [learningvn] [restartedMain] .s.d.r.c.RepositoryConfigurationDelegate : Bootstrapping Spring Data JPA repositories in DEFAULT mode.
2026-05-08T21:17:53.678+07:00  INFO 15964 --- [learningvn] [restartedMain] .s.d.r.c.RepositoryConfigurationDelegate : Finished Spring Data repository scanning in 27 ms. Found 2 JPA repository interfaces.
2026-05-08T21:17:53.914+07:00  INFO 15964 --- [learningvn] [restartedMain] o.s.boot.tomcat.TomcatWebServer          : Tomcat initialized with port 8080 (http)
2026-05-08T21:17:53.918+07:00  INFO 15964 --- [learningvn] [restartedMain] o.apache.catalina.core.StandardService   : Starting service [Tomcat]
2026-05-08T21:17:53.918+07:00  INFO 15964 --- [learningvn] [restartedMain] o.apache.catalina.core.StandardEngine    : Starting Servlet engine: [Apache Tomcat/11.0.21]
2026-05-08T21:17:53.980+07:00  INFO 15964 --- [learningvn] [restartedMain] b.w.c.s.WebApplicationContextInitializer : Root WebApplicationContext: initialization completed in 942 ms
2026-05-08T21:17:54.049+07:00  INFO 15964 --- [learningvn] [restartedMain] org.hibernate.orm.jpa                    : HHH008540: Processing PersistenceUnitInfo [name: default]
2026-05-08T21:17:54.110+07:00  INFO 15964 --- [learningvn] [restartedMain] o.s.o.j.p.SpringPersistenceUnitInfo      : No LoadTimeWeaver setup: ignoring JPA class transformer
2026-05-08T21:17:54.113+07:00  INFO 15964 --- [learningvn] [restartedMain] com.zaxxer.hikari.HikariDataSource       : HikariPool-2 - Starting...
2026-05-08T21:17:54.117+07:00  INFO 15964 --- [learningvn] [restartedMain] com.zaxxer.hikari.pool.HikariPool        : HikariPool-2 - Added connection conn10: url=jdbc:h2:mem:productdb user=SA
2026-05-08T21:17:54.118+07:00  INFO 15964 --- [learningvn] [restartedMain] com.zaxxer.hikari.HikariDataSource       : HikariPool-2 - Start completed.
2026-05-08T21:17:54.119+07:00  WARN 15964 --- [learningvn] [restartedMain] org.hibernate.orm.deprecation            : HHH90000025: H2Dialect does not need to be specified explicitly using 'hibernate.dialect' (remove the property setting and it will be selected by default)
2026-05-08T21:17:54.121+07:00  INFO 15964 --- [learningvn] [restartedMain] org.hibernate.orm.connections.pooling    : HHH10001005: Database info:
	Database JDBC URL [jdbc:h2:mem:productdb]
	Database driver: H2 JDBC Driver
	Database dialect: H2Dialect
	Database version: 2.4.240
	Default catalog/schema: PRODUCTDB/PUBLIC
	Autocommit mode: undefined/unknown
	Isolation level: READ_COMMITTED [default READ_COMMITTED]
	JDBC fetch size: 100
	Pool: DataSourceConnectionProvider
	Minimum pool size: undefined/unknown
	Maximum pool size: undefined/unknown
2026-05-08T21:17:54.300+07:00  INFO 15964 --- [learningvn] [restartedMain] org.hibernate.orm.core                   : HHH000489: No JTA platform available (set 'hibernate.transaction.jta.platform' to enable JTA platform integration)
2026-05-08T21:17:54.312+07:00  INFO 15964 --- [learningvn] [restartedMain] j.LocalContainerEntityManagerFactoryBean : Initialized JPA EntityManagerFactory for persistence unit 'default'
2026-05-08T21:17:54.468+07:00  WARN 15964 --- [learningvn] [restartedMain] JpaBaseConfiguration$JpaWebConfiguration : spring.jpa.open-in-view is enabled by default. Therefore, database queries may be performed during view rendering. Explicitly configure spring.jpa.open-in-view to disable this warning
2026-05-08T21:17:54.522+07:00  INFO 15964 --- [learningvn] [restartedMain] r$InitializeUserDetailsManagerConfigurer : Global AuthenticationManager configured with UserDetailsService bean with name inMemoryUserDetailsManager
2026-05-08T21:17:54.683+07:00  WARN 15964 --- [learningvn] [restartedMain] ion$DefaultTemplateResolverConfiguration : Cannot find template location: classpath:/templates/ (please add some templates, check your Thymeleaf configuration, or set spring.thymeleaf.check-template-location=false)
2026-05-08T21:17:54.808+07:00  INFO 15964 --- [learningvn] [restartedMain] o.s.boot.tomcat.TomcatWebServer          : Tomcat started on port 8080 (http) with context path '/'
2026-05-08T21:17:54.813+07:00  INFO 15964 --- [learningvn] [restartedMain] c.e.learningvn.LearningvnApplication     : Started LearningvnApplication in 1.821 seconds (process running for 76.082)
2026-05-08T21:17:54.831+07:00  WARN 15964 --- [learningvn] [restartedMain] o.s.core.events.SpringDocAppInitializer  : SpringDoc /v3/api-docs endpoint is enabled by default. To disable it in production, set the property 'springdoc.api-docs.enabled=false'
2026-05-08T21:17:54.832+07:00  WARN 15964 --- [learningvn] [restartedMain] o.s.core.events.SpringDocAppInitializer  : SpringDoc /swagger-ui.html endpoint is enabled by default. To disable it in production, set the property 'springdoc.swagger-ui.enabled=false'
2026-05-08T21:17:54.835+07:00  INFO 15964 --- [learningvn] [restartedMain] .ConditionEvaluationDeltaLoggingListener : Condition evaluation unchanged
2026-05-08T21:18:22.432+07:00  INFO 15964 --- [learningvn] [File Watcher] rtingClassPathChangeChangedEventListener : Restarting due to 1 class path change (0 additions, 0 deletions, 1 modification)
2026-05-08T21:18:22.435+07:00  INFO 15964 --- [learningvn] [Thread-5] o.s.boot.tomcat.GracefulShutdown         : Commencing graceful shutdown. Waiting for active requests to complete
2026-05-08T21:18:22.456+07:00  INFO 15964 --- [learningvn] [tomcat-shutdown] o.s.boot.tomcat.GracefulShutdown         : Graceful shutdown complete
2026-05-08T21:18:22.468+07:00  INFO 15964 --- [learningvn] [Thread-5] j.LocalContainerEntityManagerFactoryBean : Closing JPA EntityManagerFactory for persistence unit 'default'
2026-05-08T21:18:22.471+07:00  WARN 15964 --- [learningvn] [Thread-5] o.s.b.f.support.DisposableBeanAdapter    : Invocation of destroy method failed on bean with name 'inMemoryDatabaseShutdownExecutor': org.h2.jdbc.JdbcSQLNonTransientConnectionException: Database is already closed (to disable automatic closing at VM shutdown, add ";DB_CLOSE_ON_EXIT=FALSE" to the db URL) [90121-240]
2026-05-08T21:18:22.474+07:00  INFO 15964 --- [learningvn] [Thread-5] com.zaxxer.hikari.HikariDataSource       : HikariPool-2 - Shutdown initiated...
2026-05-08T21:18:22.475+07:00  INFO 15964 --- [learningvn] [Thread-5] com.zaxxer.hikari.HikariDataSource       : HikariPool-2 - Shutdown completed.
2026-05-08T21:18:22.616+07:00  INFO 15964 --- [learningvn] [restartedMain] c.e.learningvn.LearningvnApplication     : Starting LearningvnApplication using Java 25.0.1 with PID 15964 (D:\NhanNKL_Studies\TiTV - Backend Programming with Spring\learningvn\target\classes started by nhann in D:\NhanNKL_Studies\TiTV - Backend Programming with Spring\learningvn)
2026-05-08T21:18:22.617+07:00  INFO 15964 --- [learningvn] [restartedMain] c.e.learningvn.LearningvnApplication     : No active profile set, falling back to 1 default profile: "default"
2026-05-08T21:18:22.953+07:00  INFO 15964 --- [learningvn] [restartedMain] .s.d.r.c.RepositoryConfigurationDelegate : Bootstrapping Spring Data JPA repositories in DEFAULT mode.
2026-05-08T21:18:22.980+07:00  INFO 15964 --- [learningvn] [restartedMain] .s.d.r.c.RepositoryConfigurationDelegate : Finished Spring Data repository scanning in 22 ms. Found 2 JPA repository interfaces.
2026-05-08T21:18:23.122+07:00  INFO 15964 --- [learningvn] [restartedMain] o.s.boot.tomcat.TomcatWebServer          : Tomcat initialized with port 8080 (http)
2026-05-08T21:18:23.123+07:00  INFO 15964 --- [learningvn] [restartedMain] o.apache.catalina.core.StandardService   : Starting service [Tomcat]
2026-05-08T21:18:23.123+07:00  INFO 15964 --- [learningvn] [restartedMain] o.apache.catalina.core.StandardEngine    : Starting Servlet engine: [Apache Tomcat/11.0.21]
2026-05-08T21:18:23.160+07:00  INFO 15964 --- [learningvn] [restartedMain] b.w.c.s.WebApplicationContextInitializer : Root WebApplicationContext: initialization completed in 539 ms
2026-05-08T21:18:23.209+07:00  INFO 15964 --- [learningvn] [restartedMain] org.hibernate.orm.jpa                    : HHH008540: Processing PersistenceUnitInfo [name: default]
2026-05-08T21:18:23.245+07:00  INFO 15964 --- [learningvn] [restartedMain] o.s.o.j.p.SpringPersistenceUnitInfo      : No LoadTimeWeaver setup: ignoring JPA class transformer
2026-05-08T21:18:23.247+07:00  INFO 15964 --- [learningvn] [restartedMain] com.zaxxer.hikari.HikariDataSource       : HikariPool-3 - Starting...
2026-05-08T21:18:23.253+07:00  INFO 15964 --- [learningvn] [restartedMain] com.zaxxer.hikari.pool.HikariPool        : HikariPool-3 - Added connection conn20: url=jdbc:h2:mem:productdb user=SA
2026-05-08T21:18:23.253+07:00  INFO 15964 --- [learningvn] [restartedMain] com.zaxxer.hikari.HikariDataSource       : HikariPool-3 - Start completed.
2026-05-08T21:18:23.254+07:00  WARN 15964 --- [learningvn] [restartedMain] org.hibernate.orm.deprecation            : HHH90000025: H2Dialect does not need to be specified explicitly using 'hibernate.dialect' (remove the property setting and it will be selected by default)
2026-05-08T21:18:23.255+07:00  INFO 15964 --- [learningvn] [restartedMain] org.hibernate.orm.connections.pooling    : HHH10001005: Database info:
	Database JDBC URL [jdbc:h2:mem:productdb]
	Database driver: H2 JDBC Driver
	Database dialect: H2Dialect
	Database version: 2.4.240
	Default catalog/schema: PRODUCTDB/PUBLIC
	Autocommit mode: undefined/unknown
	Isolation level: READ_COMMITTED [default READ_COMMITTED]
	JDBC fetch size: 100
	Pool: DataSourceConnectionProvider
	Minimum pool size: undefined/unknown
	Maximum pool size: undefined/unknown
2026-05-08T21:18:23.358+07:00  INFO 15964 --- [learningvn] [restartedMain] org.hibernate.orm.core                   : HHH000489: No JTA platform available (set 'hibernate.transaction.jta.platform' to enable JTA platform integration)
2026-05-08T21:18:23.366+07:00  INFO 15964 --- [learningvn] [restartedMain] j.LocalContainerEntityManagerFactoryBean : Initialized JPA EntityManagerFactory for persistence unit 'default'
2026-05-08T21:18:23.473+07:00  WARN 15964 --- [learningvn] [restartedMain] JpaBaseConfiguration$JpaWebConfiguration : spring.jpa.open-in-view is enabled by default. Therefore, database queries may be performed during view rendering. Explicitly configure spring.jpa.open-in-view to disable this warning
2026-05-08T21:18:23.511+07:00  INFO 15964 --- [learningvn] [restartedMain] r$InitializeUserDetailsManagerConfigurer : Global AuthenticationManager configured with UserDetailsService bean with name inMemoryUserDetailsManager
2026-05-08T21:18:23.638+07:00  WARN 15964 --- [learningvn] [restartedMain] ion$DefaultTemplateResolverConfiguration : Cannot find template location: classpath:/templates/ (please add some templates, check your Thymeleaf configuration, or set spring.thymeleaf.check-template-location=false)
2026-05-08T21:18:23.734+07:00  INFO 15964 --- [learningvn] [restartedMain] o.s.boot.tomcat.TomcatWebServer          : Tomcat started on port 8080 (http) with context path '/'
2026-05-08T21:18:23.739+07:00  INFO 15964 --- [learningvn] [restartedMain] c.e.learningvn.LearningvnApplication     : Started LearningvnApplication in 1.167 seconds (process running for 105.008)
2026-05-08T21:18:23.754+07:00  WARN 15964 --- [learningvn] [restartedMain] o.s.core.events.SpringDocAppInitializer  : SpringDoc /v3/api-docs endpoint is enabled by default. To disable it in production, set the property 'springdoc.api-docs.enabled=false'
2026-05-08T21:18:23.755+07:00  WARN 15964 --- [learningvn] [restartedMain] o.s.core.events.SpringDocAppInitializer  : SpringDoc /swagger-ui.html endpoint is enabled by default. To disable it in production, set the property 'springdoc.swagger-ui.enabled=false'
2026-05-08T21:18:23.756+07:00  INFO 15964 --- [learningvn] [restartedMain] .ConditionEvaluationDeltaLoggingListener : Condition evaluation unchanged
2026-05-08T21:18:42.239+07:00  INFO 15964 --- [learningvn] [File Watcher] rtingClassPathChangeChangedEventListener : Restarting due to 1 class path change (0 additions, 0 deletions, 1 modification)
2026-05-08T21:18:42.245+07:00  INFO 15964 --- [learningvn] [Thread-10] o.s.boot.tomcat.GracefulShutdown         : Commencing graceful shutdown. Waiting for active requests to complete
2026-05-08T21:18:42.271+07:00  INFO 15964 --- [learningvn] [tomcat-shutdown] o.s.boot.tomcat.GracefulShutdown         : Graceful shutdown complete
2026-05-08T21:18:42.279+07:00  INFO 15964 --- [learningvn] [Thread-10] j.LocalContainerEntityManagerFactoryBean : Closing JPA EntityManagerFactory for persistence unit 'default'
2026-05-08T21:18:42.282+07:00  WARN 15964 --- [learningvn] [Thread-10] o.s.b.f.support.DisposableBeanAdapter    : Invocation of destroy method failed on bean with name 'inMemoryDatabaseShutdownExecutor': org.h2.jdbc.JdbcSQLNonTransientConnectionException: Database is already closed (to disable automatic closing at VM shutdown, add ";DB_CLOSE_ON_EXIT=FALSE" to the db URL) [90121-240]
2026-05-08T21:18:42.282+07:00  INFO 15964 --- [learningvn] [Thread-10] com.zaxxer.hikari.HikariDataSource       : HikariPool-3 - Shutdown initiated...
2026-05-08T21:18:42.283+07:00  INFO 15964 --- [learningvn] [Thread-10] com.zaxxer.hikari.HikariDataSource       : HikariPool-3 - Shutdown completed.
2026-05-08T21:18:42.416+07:00  INFO 15964 --- [learningvn] [restartedMain] c.e.learningvn.LearningvnApplication     : Starting LearningvnApplication using Java 25.0.1 with PID 15964 (D:\NhanNKL_Studies\TiTV - Backend Programming with Spring\learningvn\target\classes started by nhann in D:\NhanNKL_Studies\TiTV - Backend Programming with Spring\learningvn)
2026-05-08T21:18:42.417+07:00  INFO 15964 --- [learningvn] [restartedMain] c.e.learningvn.LearningvnApplication     : No active profile set, falling back to 1 default profile: "default"
2026-05-08T21:18:42.763+07:00  INFO 15964 --- [learningvn] [restartedMain] .s.d.r.c.RepositoryConfigurationDelegate : Bootstrapping Spring Data JPA repositories in DEFAULT mode.
2026-05-08T21:18:42.786+07:00  INFO 15964 --- [learningvn] [restartedMain] .s.d.r.c.RepositoryConfigurationDelegate : Finished Spring Data repository scanning in 20 ms. Found 2 JPA repository interfaces.
2026-05-08T21:18:43.021+07:00  INFO 15964 --- [learningvn] [restartedMain] o.s.boot.tomcat.TomcatWebServer          : Tomcat initialized with port 8080 (http)
2026-05-08T21:18:43.023+07:00  INFO 15964 --- [learningvn] [restartedMain] o.apache.catalina.core.StandardService   : Starting service [Tomcat]
2026-05-08T21:18:43.024+07:00  INFO 15964 --- [learningvn] [restartedMain] o.apache.catalina.core.StandardEngine    : Starting Servlet engine: [Apache Tomcat/11.0.21]
2026-05-08T21:18:43.062+07:00  INFO 15964 --- [learningvn] [restartedMain] b.w.c.s.WebApplicationContextInitializer : Root WebApplicationContext: initialization completed in 642 ms
2026-05-08T21:18:43.115+07:00  INFO 15964 --- [learningvn] [restartedMain] org.hibernate.orm.jpa                    : HHH008540: Processing PersistenceUnitInfo [name: default]
2026-05-08T21:18:43.151+07:00  INFO 15964 --- [learningvn] [restartedMain] o.s.o.j.p.SpringPersistenceUnitInfo      : No LoadTimeWeaver setup: ignoring JPA class transformer
2026-05-08T21:18:43.152+07:00  INFO 15964 --- [learningvn] [restartedMain] com.zaxxer.hikari.HikariDataSource       : HikariPool-4 - Starting...
2026-05-08T21:18:43.157+07:00  INFO 15964 --- [learningvn] [restartedMain] com.zaxxer.hikari.pool.HikariPool        : HikariPool-4 - Added connection conn30: url=jdbc:h2:mem:productdb user=SA
2026-05-08T21:18:43.159+07:00  INFO 15964 --- [learningvn] [restartedMain] com.zaxxer.hikari.HikariDataSource       : HikariPool-4 - Start completed.
2026-05-08T21:18:43.161+07:00  WARN 15964 --- [learningvn] [restartedMain] org.hibernate.orm.deprecation            : HHH90000025: H2Dialect does not need to be specified explicitly using 'hibernate.dialect' (remove the property setting and it will be selected by default)
2026-05-08T21:18:43.162+07:00  INFO 15964 --- [learningvn] [restartedMain] org.hibernate.orm.connections.pooling    : HHH10001005: Database info:
	Database JDBC URL [jdbc:h2:mem:productdb]
	Database driver: H2 JDBC Driver
	Database dialect: H2Dialect
	Database version: 2.4.240
	Default catalog/schema: PRODUCTDB/PUBLIC
	Autocommit mode: undefined/unknown
	Isolation level: READ_COMMITTED [default READ_COMMITTED]
	JDBC fetch size: 100
	Pool: DataSourceConnectionProvider
	Minimum pool size: undefined/unknown
	Maximum pool size: undefined/unknown
2026-05-08T21:18:43.271+07:00  INFO 15964 --- [learningvn] [restartedMain] org.hibernate.orm.core                   : HHH000489: No JTA platform available (set 'hibernate.transaction.jta.platform' to enable JTA platform integration)
2026-05-08T21:18:43.281+07:00  INFO 15964 --- [learningvn] [restartedMain] j.LocalContainerEntityManagerFactoryBean : Initialized JPA EntityManagerFactory for persistence unit 'default'
2026-05-08T21:18:43.383+07:00  WARN 15964 --- [learningvn] [restartedMain] JpaBaseConfiguration$JpaWebConfiguration : spring.jpa.open-in-view is enabled by default. Therefore, database queries may be performed during view rendering. Explicitly configure spring.jpa.open-in-view to disable this warning
2026-05-08T21:18:43.423+07:00  INFO 15964 --- [learningvn] [restartedMain] r$InitializeUserDetailsManagerConfigurer : Global AuthenticationManager configured with UserDetailsService bean with name inMemoryUserDetailsManager
2026-05-08T21:18:43.553+07:00  WARN 15964 --- [learningvn] [restartedMain] ion$DefaultTemplateResolverConfiguration : Cannot find template location: classpath:/templates/ (please add some templates, check your Thymeleaf configuration, or set spring.thymeleaf.check-template-location=false)
2026-05-08T21:18:43.643+07:00  INFO 15964 --- [learningvn] [restartedMain] o.s.boot.tomcat.TomcatWebServer          : Tomcat started on port 8080 (http) with context path '/'
2026-05-08T21:18:43.647+07:00  INFO 15964 --- [learningvn] [restartedMain] c.e.learningvn.LearningvnApplication     : Started LearningvnApplication in 1.272 seconds (process running for 124.916)
2026-05-08T21:18:43.662+07:00  WARN 15964 --- [learningvn] [restartedMain] o.s.core.events.SpringDocAppInitializer  : SpringDoc /v3/api-docs endpoint is enabled by default. To disable it in production, set the property 'springdoc.api-docs.enabled=false'
2026-05-08T21:18:43.662+07:00  WARN 15964 --- [learningvn] [restartedMain] o.s.core.events.SpringDocAppInitializer  : SpringDoc /swagger-ui.html endpoint is enabled by default. To disable it in production, set the property 'springdoc.swagger-ui.enabled=false'
2026-05-08T21:18:43.664+07:00  INFO 15964 --- [learningvn] [restartedMain] .ConditionEvaluationDeltaLoggingListener : Condition evaluation unchanged
2026-05-08T21:19:07.148+07:00  INFO 15964 --- [learningvn] [http-nio-8080-exec-2] o.a.c.c.C.[Tomcat].[localhost].[/]       : Initializing Spring DispatcherServlet 'dispatcherServlet'
2026-05-08T21:19:07.149+07:00  INFO 15964 --- [learningvn] [http-nio-8080-exec-2] o.s.web.servlet.DispatcherServlet        : Initializing Servlet 'dispatcherServlet'
2026-05-08T21:19:07.153+07:00  INFO 15964 --- [learningvn] [http-nio-8080-exec-2] o.s.web.servlet.DispatcherServlet        : Completed initialization in 3 ms
2026-05-08T21:19:28.237+07:00 DEBUG 15964 --- [learningvn] [http-nio-8080-exec-4] c.e.l.controller.ProductController       : Fetching all products...
2026-05-08T21:19:28.493+07:00  INFO 15964 --- [learningvn] [http-nio-8080-exec-4] c.e.l.controller.ProductController       : Successfully fetched 2 products
2026-05-08T21:20:29.925+07:00 DEBUG 15964 --- [learningvn] [http-nio-8080-exec-7] c.e.l.controller.ProductController       : Creating a new product...
2026-05-08T21:20:29.936+07:00  INFO 15964 --- [learningvn] [http-nio-8080-exec-7] c.e.l.controller.ProductController       : Successfully created a new product called: Samsung A6
2026-05-08T21:21:25.818+07:00 DEBUG 15964 --- [learningvn] [http-nio-8080-exec-10] c.e.l.controller.ProductController       : Fetching all products...
2026-05-08T21:21:25.826+07:00  INFO 15964 --- [learningvn] [http-nio-8080-exec-10] c.e.l.controller.ProductController       : Successfully fetched 3 products
2026-05-08T21:21:31.024+07:00 DEBUG 15964 --- [learningvn] [http-nio-8080-exec-1] c.e.l.controller.ProductController       : Creating a new product...
2026-05-08T21:21:31.028+07:00  INFO 15964 --- [learningvn] [http-nio-8080-exec-1] c.e.l.controller.ProductController       : Successfully created a new product called: TV LG
2026-05-08T21:22:35.059+07:00 DEBUG 15964 --- [learningvn] [http-nio-8080-exec-4] c.e.l.controller.ProductController       : Creating a new product...
2026-05-08T21:22:35.063+07:00  INFO 15964 --- [learningvn] [http-nio-8080-exec-4] c.e.l.controller.ProductController       : Successfully created a new product called: Acer Aspire 7
2026-05-08T21:23:41.235+07:00  INFO 15964 --- [learningvn] [SpringApplicationShutdownHook] o.s.boot.tomcat.GracefulShutdown         : Commencing graceful shutdown. Waiting for active requests to complete
2026-05-08T21:23:41.257+07:00  INFO 15964 --- [learningvn] [tomcat-shutdown] o.s.boot.tomcat.GracefulShutdown         : Graceful shutdown complete
2026-05-08T21:23:41.262+07:00  INFO 15964 --- [learningvn] [SpringApplicationShutdownHook] j.LocalContainerEntityManagerFactoryBean : Closing JPA EntityManagerFactory for persistence unit 'default'
2026-05-08T21:23:41.265+07:00  WARN 15964 --- [learningvn] [SpringApplicationShutdownHook] o.s.b.f.support.DisposableBeanAdapter    : Invocation of destroy method failed on bean with name 'inMemoryDatabaseShutdownExecutor': org.h2.jdbc.JdbcSQLNonTransientConnectionException: Database is already closed (to disable automatic closing at VM shutdown, add ";DB_CLOSE_ON_EXIT=FALSE" to the db URL) [90121-240]
2026-05-08T21:23:41.266+07:00  INFO 15964 --- [learningvn] [SpringApplicationShutdownHook] com.zaxxer.hikari.HikariDataSource       : HikariPool-4 - Shutdown initiated...
2026-05-08T21:23:41.267+07:00  INFO 15964 --- [learningvn] [SpringApplicationShutdownHook] com.zaxxer.hikari.HikariDataSource       : HikariPool-4 - Shutdown completed.
